<?xml version="1.0" encoding="UTF-8"?>
<!-- Generated by org.testng.reporters.JUnitReportReporter -->
<testsuite hostname="Dhananjays-MacBook-Pro.local" failures="0" tests="1" name="TestLayer.RegisterUserTest" time="1.417" errors="0" timestamp="2024-01-13T14:39:50 IST" skipped="0">
  <testcase classname="TestLayer.RegisterUserTest" name="validateregisteruser" time="1.417"/>
  <system-out/>
</testsuite> <!-- TestLayer.RegisterUserTest -->
